{"numTotalTestSuites":2,"numPassedTestSuites":2,"numFailedTestSuites":0,"numPendingTestSuites":0,"numTotalTests":1,"numPassedTests":1,"numFailedTests":0,"numPendingTests":0,"numTodoTests":0,"startTime":1758956093563,"success":true,"testResults":[{"assertionResults":[{"ancestorTitles":["","Final Coverage Test"],"fullName":" Final Coverage Test should import and execute all source code","status":"passed","title":"should import and execute all source code","duration":18188,"failureMessages":[]}],"startTime":1758956098680,"endTime":1758956116868,"status":"passed","message":"","name":"/home/phade/Data/ui-scout/tests/final-coverage.test.ts"}]}