{"numTotalTestSuites":208,"numPassedTestSuites":206,"numFailedTestSuites":2,"numPendingTestSuites":0,"numTotalTests":368,"numPassedTests":193,"numFailedTests":175,"numPendingTests":0,"numTodoTests":0,"startTime":1758953774922,"success":false,"testResults":[{"assertionResults":[{"ancestorTitles":["","AnalysisService","analyzePageStructure"],"fullName":" AnalysisService analyzePageStructure should analyze basic page structure","status":"failed","title":"should analyze basic page structure","duration":38,"failureMessages":["createMockPage is not a function"],"location":{"line":10,"column":16}},{"ancestorTitles":["","AnalysisService","analyzePageStructure"],"fullName":" AnalysisService analyzePageStructure should analyze page layout structure","status":"failed","title":"should analyze page layout structure","duration":1,"failureMessages":["createMockPage is not a function"],"location":{"line":10,"column":16}},{"ancestorTitles":["","AnalysisService","analyzePageStructure"],"fullName":" AnalysisService analyzePageStructure should analyze interactive elements","status":"failed","title":"should analyze interactive elements","duration":1,"failureMessages":["createMockPage is not a function"],"location":{"line":10,"column":16}},{"ancestorTitles":["","AnalysisService","analyzePageStructure"],"fullName":" AnalysisService analyzePageStructure should handle pages with all layout sections","status":"failed","title":"should handle pages with all layout sections","duration":1,"failureMessages":["createMockPage is not a function"],"location":{"line":10,"column":16}},{"ancestorTitles":["","AnalysisService","analyzePageStructure"],"fullName":" AnalysisService analyzePageStructure should handle empty pages","status":"failed","title":"should handle empty pages","duration":0,"failureMessages":["createMockPage is not a function"],"location":{"line":10,"column":16}},{"ancestorTitles":["","AnalysisService","analyzePageStructure"],"fullName":" AnalysisService analyzePageStructure should handle pages with mixed layout sections","status":"failed","title":"should handle pages with mixed layout sections","duration":2,"failureMessages":["createMockPage is not a function"],"location":{"line":10,"column":16}},{"ancestorTitles":["","AnalysisService","analyzePageStructure"],"fullName":" AnalysisService analyzePageStructure should provide consistent structure for all analysis results","status":"failed","title":"should provide consistent structure for all analysis results","duration":0,"failureMessages":["createMockPage is not a function"],"location":{"line":10,"column":16}},{"ancestorTitles":["","AnalysisService","analyzePageStructure"],"fullName":" AnalysisService analyzePageStructure should handle title retrieval errors","status":"failed","title":"should handle title retrieval errors","duration":1,"failureMessages":["createMockPage is not a function"],"location":{"line":10,"column":16}},{"ancestorTitles":["","AnalysisService","analyzeAccessibility"],"fullName":" AnalysisService analyzeAccessibility should analyze accessibility with high scores","status":"failed","title":"should analyze accessibility with high scores","duration":1,"failureMessages":["createMockPage is not a function"],"location":{"line":10,"column":16}},{"ancestorTitles":["","AnalysisService","analyzeAccessibility"],"fullName":" AnalysisService analyzeAccessibility should analyze accessibility with medium scores","status":"failed","title":"should analyze accessibility with medium scores","duration":1,"failureMessages":["createMockPage is not a function"],"location":{"line":10,"column":16}},{"ancestorTitles":["","AnalysisService","analyzeAccessibility"],"fullName":" AnalysisService analyzeAccessibility should analyze accessibility with low scores","status":"failed","title":"should analyze accessibility with low scores","duration":1,"failureMessages":["createMockPage is not a function"],"location":{"line":10,"column":16}},{"ancestorTitles":["","AnalysisService","analyzeAccessibility"],"fullName":" AnalysisService analyzeAccessibility should analyze accessibility with zero elements","status":"failed","title":"should analyze accessibility with zero elements","duration":1,"failureMessages":["createMockPage is not a function"],"location":{"line":10,"column":16}},{"ancestorTitles":["","AnalysisService","error handling"],"fullName":" AnalysisService error handling should handle locator errors gracefully","status":"failed","title":"should handle locator errors gracefully","duration":1,"failureMessages":["createMockPage is not a function"],"location":{"line":10,"column":16}},{"ancestorTitles":["","AnalysisService","error handling"],"fullName":" AnalysisService error handling should handle count method failures","status":"failed","title":"should handle count method failures","duration":2,"failureMessages":["createMockPage is not a function"],"location":{"line":10,"column":16}}],"startTime":1758953783910,"endTime":1758953783964,"status":"failed","message":"","name":"/home/phade/Data/ui-scout/tests/AnalysisService.test.ts"},{"assertionResults":[{"ancestorTitles":["","ButtonDiscovery","discoverButtons"],"fullName":" ButtonDiscovery discoverButtons should discover button elements and return DiscoveredFeature array","status":"failed","title":"should discover button elements and return DiscoveredFeature array","duration":43,"failureMessages":["createMockPage is not a function"],"location":{"line":10,"column":16}},{"ancestorTitles":["","ButtonDiscovery","discoverButtons"],"fullName":" ButtonDiscovery discoverButtons should skip invisible buttons","status":"failed","title":"should skip invisible buttons","duration":1,"failureMessages":["createMockPage is not a function"],"location":{"line":10,"column":16}},{"ancestorTitles":["","ButtonDiscovery","discoverButtons"],"fullName":" ButtonDiscovery discoverButtons should handle buttons without text using aria-label","status":"failed","title":"should handle buttons without text using aria-label","duration":1,"failureMessages":["createMockPage is not a function"],"location":{"line":10,"column":16}},{"ancestorTitles":["","ButtonDiscovery","discoverButtons"],"fullName":" ButtonDiscovery discoverButtons should discover elements with role=button","status":"failed","title":"should discover elements with role=button","duration":1,"failureMessages":["createMockPage is not a function"],"location":{"line":10,"column":16}},{"ancestorTitles":["","ButtonDiscovery","discoverButtons"],"fullName":" ButtonDiscovery discoverButtons should filter out disabled buttons","status":"failed","title":"should filter out disabled buttons","duration":1,"failureMessages":["createMockPage is not a function"],"location":{"line":10,"column":16}},{"ancestorTitles":["","ButtonDiscovery","discoverButtons"],"fullName":" ButtonDiscovery discoverButtons should avoid duplicate buttons with same selector","status":"failed","title":"should avoid duplicate buttons with same selector","duration":1,"failureMessages":["createMockPage is not a function"],"location":{"line":10,"column":16}},{"ancestorTitles":["","ButtonDiscovery","discoverButtons"],"fullName":" ButtonDiscovery discoverButtons should handle empty page with no buttons","status":"failed","title":"should handle empty page with no buttons","duration":1,"failureMessages":["createMockPage is not a function"],"location":{"line":10,"column":16}},{"ancestorTitles":["","ButtonDiscovery","discoverButtons"],"fullName":" ButtonDiscovery discoverButtons should handle errors gracefully","status":"failed","title":"should handle errors gracefully","duration":1,"failureMessages":["createMockPage is not a function"],"location":{"line":10,"column":16}},{"ancestorTitles":["","ButtonDiscovery","discoverTooltips"],"fullName":" ButtonDiscovery discoverTooltips should discover tooltips for visible buttons","status":"failed","title":"should discover tooltips for visible buttons","duration":1,"failureMessages":["createMockPage is not a function"],"location":{"line":10,"column":16}},{"ancestorTitles":["","ButtonDiscovery","discoverTooltips"],"fullName":" ButtonDiscovery discoverTooltips should handle invisible buttons","status":"failed","title":"should handle invisible buttons","duration":0,"failureMessages":["createMockPage is not a function"],"location":{"line":10,"column":16}},{"ancestorTitles":["","ButtonDiscovery","discoverTooltips"],"fullName":" ButtonDiscovery discoverTooltips should handle no visible tooltips","status":"failed","title":"should handle no visible tooltips","duration":1,"failureMessages":["createMockPage is not a function"],"location":{"line":10,"column":16}},{"ancestorTitles":["","ButtonDiscovery","discoverTooltips"],"fullName":" ButtonDiscovery discoverTooltips should limit processing to first 10 buttons","status":"failed","title":"should limit processing to first 10 buttons","duration":1,"failureMessages":["createMockPage is not a function"],"location":{"line":10,"column":16}},{"ancestorTitles":["","ButtonDiscovery","discoverTooltips"],"fullName":" ButtonDiscovery discoverTooltips should handle errors gracefully","status":"failed","title":"should handle errors gracefully","duration":1,"failureMessages":["createMockPage is not a function"],"location":{"line":10,"column":16}}],"startTime":1758953783208,"endTime":1758953783263,"status":"failed","message":"","name":"/home/phade/Data/ui-scout/tests/ButtonDiscovery.test.ts"},{"assertionResults":[{"ancestorTitles":["","ComponentDiscovery","discoverModals"],"fullName":" ComponentDiscovery discoverModals should discover modal components","status":"failed","title":"should discover modal components","duration":30,"failureMessages":["createMockPage is not a function"],"location":{"line":26,"column":16}},{"ancestorTitles":["","ComponentDiscovery","discoverModals"],"fullName":" ComponentDiscovery discoverModals should handle empty modal lists","status":"failed","title":"should handle empty modal lists","duration":1,"failureMessages":["createMockPage is not a function"],"location":{"line":26,"column":16}},{"ancestorTitles":["","ComponentDiscovery","discoverTables"],"fullName":" ComponentDiscovery discoverTables should discover table components","status":"failed","title":"should discover table components","duration":1,"failureMessages":["createMockPage is not a function"],"location":{"line":26,"column":16}},{"ancestorTitles":["","ComponentDiscovery","discoverTables"],"fullName":" ComponentDiscovery discoverTables should handle empty table lists","status":"failed","title":"should handle empty table lists","duration":0,"failureMessages":["createMockPage is not a function"],"location":{"line":26,"column":16}},{"ancestorTitles":["","ComponentDiscovery","discoverCharts"],"fullName":" ComponentDiscovery discoverCharts should discover chart components","status":"failed","title":"should discover chart components","duration":0,"failureMessages":["createMockPage is not a function"],"location":{"line":26,"column":16}},{"ancestorTitles":["","ComponentDiscovery","discoverCharts"],"fullName":" ComponentDiscovery discoverCharts should handle empty chart lists","status":"failed","title":"should handle empty chart lists","duration":1,"failureMessages":["createMockPage is not a function"],"location":{"line":26,"column":16}},{"ancestorTitles":["","ComponentDiscovery","discoverPanels"],"fullName":" ComponentDiscovery discoverPanels should discover panel components","status":"failed","title":"should discover panel components","duration":1,"failureMessages":["createMockPage is not a function"],"location":{"line":26,"column":16}},{"ancestorTitles":["","ComponentDiscovery","discoverPanels"],"fullName":" ComponentDiscovery discoverPanels should handle empty panel lists","status":"failed","title":"should handle empty panel lists","duration":1,"failureMessages":["createMockPage is not a function"],"location":{"line":26,"column":16}},{"ancestorTitles":["","ComponentDiscovery","discoverCustomComponents"],"fullName":" ComponentDiscovery discoverCustomComponents should discover custom components","status":"failed","title":"should discover custom components","duration":1,"failureMessages":["createMockPage is not a function"],"location":{"line":26,"column":16}},{"ancestorTitles":["","ComponentDiscovery","discoverCustomComponents"],"fullName":" ComponentDiscovery discoverCustomComponents should handle empty custom component lists","status":"failed","title":"should handle empty custom component lists","duration":1,"failureMessages":["createMockPage is not a function"],"location":{"line":26,"column":16}},{"ancestorTitles":["","ComponentDiscovery","component filtering"],"fullName":" ComponentDiscovery component filtering should filter out hidden components","status":"failed","title":"should filter out hidden components","duration":1,"failureMessages":["createMockPage is not a function"],"location":{"line":26,"column":16}},{"ancestorTitles":["","ComponentDiscovery","component filtering"],"fullName":" ComponentDiscovery component filtering should handle duplicate selectors","status":"failed","title":"should handle duplicate selectors","duration":1,"failureMessages":["createMockPage is not a function"],"location":{"line":26,"column":16}},{"ancestorTitles":["","ComponentDiscovery","error handling"],"fullName":" ComponentDiscovery error handling should handle component analysis errors gracefully","status":"failed","title":"should handle component analysis errors gracefully","duration":0,"failureMessages":["createMockPage is not a function"],"location":{"line":26,"column":16}},{"ancestorTitles":["","ComponentDiscovery","error handling"],"fullName":" ComponentDiscovery error handling should handle selector generation errors","status":"failed","title":"should handle selector generation errors","duration":1,"failureMessages":["createMockPage is not a function"],"location":{"line":26,"column":16}},{"ancestorTitles":["","ComponentDiscovery","error handling"],"fullName":" ComponentDiscovery error handling should handle locator creation errors","status":"failed","title":"should handle locator creation errors","duration":1,"failureMessages":["createMockPage is not a function"],"location":{"line":26,"column":16}},{"ancestorTitles":["","ComponentDiscovery","enhancement features"],"fullName":" ComponentDiscovery enhancement features should enhance tables with structure information","status":"failed","title":"should enhance tables with structure information","duration":1,"failureMessages":["createMockPage is not a function"],"location":{"line":26,"column":16}},{"ancestorTitles":["","ComponentDiscovery","enhancement features"],"fullName":" ComponentDiscovery enhancement features should enhance modals with heading information","status":"failed","title":"should enhance modals with heading information","duration":2,"failureMessages":["createMockPage is not a function"],"location":{"line":26,"column":16}},{"ancestorTitles":["","ComponentDiscovery","enhancement features"],"fullName":" ComponentDiscovery enhancement features should enhance panels with heading information","status":"failed","title":"should enhance panels with heading information","duration":1,"failureMessages":["createMockPage is not a function"],"location":{"line":26,"column":16}},{"ancestorTitles":["","ComponentDiscovery","enhancement features"],"fullName":" ComponentDiscovery enhancement features should enhance custom components with test attributes","status":"failed","title":"should enhance custom components with test attributes","duration":0,"failureMessages":["createMockPage is not a function"],"location":{"line":26,"column":16}}],"startTime":1758953778482,"endTime":1758953778531,"status":"failed","message":"","name":"/home/phade/Data/ui-scout/tests/ComponentDiscovery.test.ts"},{"assertionResults":[{"ancestorTitles":["","CoverageAnalyzer","constructor"],"fullName":" CoverageAnalyzer constructor should initialize with project path","status":"passed","title":"should initialize with project path","duration":7,"failureMessages":[]},{"ancestorTitles":["","CoverageAnalyzer","analyzeCoverage"],"fullName":" CoverageAnalyzer analyzeCoverage should analyze coverage and return report","status":"passed","title":"should analyze coverage and return report","duration":11,"failureMessages":[]},{"ancestorTitles":["","CoverageAnalyzer","analyzeCoverage"],"fullName":" CoverageAnalyzer analyzeCoverage should handle errors gracefully","status":"passed","title":"should handle errors gracefully","duration":6,"failureMessages":[]},{"ancestorTitles":["","CoverageAnalyzer","identifyGaps"],"fullName":" CoverageAnalyzer identifyGaps should identify coverage gaps in files","status":"passed","title":"should identify coverage gaps in files","duration":4,"failureMessages":[]},{"ancestorTitles":["","CoverageAnalyzer","identifyGaps"],"fullName":" CoverageAnalyzer identifyGaps should return empty array when coverage is 100%","status":"passed","title":"should return empty array when coverage is 100%","duration":2,"failureMessages":[]},{"ancestorTitles":["","CoverageAnalyzer","generateSuggestions"],"fullName":" CoverageAnalyzer generateSuggestions should generate suggestions based on gaps","status":"passed","title":"should generate suggestions based on gaps","duration":3,"failureMessages":[]},{"ancestorTitles":["","CoverageAnalyzer","generateSuggestions"],"fullName":" CoverageAnalyzer generateSuggestions should generate suggestions for empty gaps","status":"passed","title":"should generate suggestions for empty gaps","duration":2,"failureMessages":[]},{"ancestorTitles":["","CoverageAnalyzer","generateTestsForGaps"],"fullName":" CoverageAnalyzer generateTestsForGaps should generate tests for identified gaps","status":"passed","title":"should generate tests for identified gaps","duration":2,"failureMessages":[]},{"ancestorTitles":["","CoverageAnalyzer","runTestsWithCoverage"],"fullName":" CoverageAnalyzer runTestsWithCoverage should execute test command with coverage","status":"passed","title":"should execute test command with coverage","duration":18,"failureMessages":[]},{"ancestorTitles":["","CoverageAnalyzer","runTestsWithCoverage"],"fullName":" CoverageAnalyzer runTestsWithCoverage should throw error when package.json is missing","status":"passed","title":"should throw error when package.json is missing","duration":3,"failureMessages":[]},{"ancestorTitles":["","CoverageAnalyzer","loadCoverageData"],"fullName":" CoverageAnalyzer loadCoverageData should load coverage data from coverage directory","status":"passed","title":"should load coverage data from coverage directory","duration":4,"failureMessages":[]},{"ancestorTitles":["","CoverageAnalyzer","loadCoverageData"],"fullName":" CoverageAnalyzer loadCoverageData should throw error if coverage file not found","status":"passed","title":"should throw error if coverage file not found","duration":5,"failureMessages":[]},{"ancestorTitles":["","CoverageAnalyzer","integration test"],"fullName":" CoverageAnalyzer integration test should perform full coverage analysis workflow","status":"passed","title":"should perform full coverage analysis workflow","duration":4,"failureMessages":[]}],"startTime":1758953788772,"endTime":1758953788849,"status":"passed","message":"","name":"/home/phade/Data/ui-scout/tests/CoverageAnalyzer.test.ts"},{"assertionResults":[{"ancestorTitles":["","DiscoveryService","Method Availability"],"fullName":" DiscoveryService Method Availability should have all optimized discovery methods","status":"passed","title":"should have all optimized discovery methods","duration":9,"failureMessages":[]},{"ancestorTitles":["","DiscoveryService","Method Availability"],"fullName":" DiscoveryService Method Availability should return promises from all discovery methods","status":"passed","title":"should return promises from all discovery methods","duration":17,"failureMessages":[]},{"ancestorTitles":["","DiscoveryService","discoverEssentials()"],"fullName":" DiscoveryService discoverEssentials() should discover essential interactive elements","status":"passed","title":"should discover essential interactive elements","duration":66,"failureMessages":[]},{"ancestorTitles":["","DiscoveryService","discoverEssentials()"],"fullName":" DiscoveryService discoverEssentials() should find elements with data-testid","status":"passed","title":"should find elements with data-testid","duration":25,"failureMessages":[]},{"ancestorTitles":["","DiscoveryService","discoverEssentials()"],"fullName":" DiscoveryService discoverEssentials() should find buttons and inputs","status":"passed","title":"should find buttons and inputs","duration":20,"failureMessages":[]},{"ancestorTitles":["","DiscoveryService","discoverEssentials()"],"fullName":" DiscoveryService discoverEssentials() should complete quickly","status":"passed","title":"should complete quickly","duration":16,"failureMessages":[]},{"ancestorTitles":["","DiscoveryService","discoverButtons()"],"fullName":" DiscoveryService discoverButtons() should discover only button elements","status":"passed","title":"should discover only button elements","duration":58,"failureMessages":[]},{"ancestorTitles":["","DiscoveryService","discoverButtons()"],"fullName":" DiscoveryService discoverButtons() should find specific button types","status":"passed","title":"should find specific button types","duration":17,"failureMessages":[]},{"ancestorTitles":["","DiscoveryService","discoverButtons()"],"fullName":" DiscoveryService discoverButtons() should find timeframe buttons","status":"passed","title":"should find timeframe buttons","duration":10,"failureMessages":[]},{"ancestorTitles":["","DiscoveryService","discoverInputs()"],"fullName":" DiscoveryService discoverInputs() should discover input elements","status":"passed","title":"should discover input elements","duration":15,"failureMessages":[]},{"ancestorTitles":["","DiscoveryService","discoverInputs()"],"fullName":" DiscoveryService discoverInputs() should include input metadata","status":"passed","title":"should include input metadata","duration":13,"failureMessages":[]},{"ancestorTitles":["","DiscoveryService","discoverInputs()"],"fullName":" DiscoveryService discoverInputs() should discover different input types","status":"passed","title":"should discover different input types","duration":27,"failureMessages":[]},{"ancestorTitles":["","DiscoveryService","discoverNavigation()"],"fullName":" DiscoveryService discoverNavigation() should discover navigation elements","status":"passed","title":"should discover navigation elements","duration":23,"failureMessages":[]},{"ancestorTitles":["","DiscoveryService","discoverInContainer()"],"fullName":" DiscoveryService discoverInContainer() should discover elements within a container","status":"passed","title":"should discover elements within a container","duration":10,"failureMessages":[]},{"ancestorTitles":["","DiscoveryService","discoverInContainer()"],"fullName":" DiscoveryService discoverInContainer() should return empty array for non-existent container","status":"passed","title":"should return empty array for non-existent container","duration":8,"failureMessages":[]},{"ancestorTitles":["","DiscoveryService","Confidence Scoring"],"fullName":" DiscoveryService Confidence Scoring should assign highest confidence to data-testid selectors","status":"passed","title":"should assign highest confidence to data-testid selectors","duration":23,"failureMessages":[]},{"ancestorTitles":["","DiscoveryService","Confidence Scoring"],"fullName":" DiscoveryService Confidence Scoring should assign high confidence to id selectors","status":"passed","title":"should assign high confidence to id selectors","duration":9,"failureMessages":[]},{"ancestorTitles":["","DiscoveryService","Confidence Scoring"],"fullName":" DiscoveryService Confidence Scoring should assign lower confidence to text-based selectors","status":"passed","title":"should assign lower confidence to text-based selectors","duration":10,"failureMessages":[]},{"ancestorTitles":["","DiscoveryService","Performance"],"fullName":" DiscoveryService Performance should handle parallel discovery efficiently","status":"passed","title":"should handle parallel discovery efficiently","duration":40,"failureMessages":[]},{"ancestorTitles":["","DiscoveryService","Performance"],"fullName":" DiscoveryService Performance should not degrade with repeated calls","status":"passed","title":"should not degrade with repeated calls","duration":33,"failureMessages":[]}],"startTime":1758953778470,"endTime":1758953778930,"status":"passed","message":"","name":"/home/phade/Data/ui-scout/tests/DiscoveryService.spec.ts"},{"assertionResults":[{"ancestorTitles":["","DiscoveryService","discoverFeatures"],"fullName":" DiscoveryService discoverFeatures should discover all types of features","status":"failed","title":"should discover all types of features","duration":34,"failureMessages":["createMockPage is not a function"],"location":{"line":40,"column":16}},{"ancestorTitles":["","DiscoveryService","discoverFeatures"],"fullName":" DiscoveryService discoverFeatures should handle empty results from individual discovery services","status":"failed","title":"should handle empty results from individual discovery services","duration":1,"failureMessages":["createMockPage is not a function"],"location":{"line":40,"column":16}},{"ancestorTitles":["","DiscoveryService","discoverFeatures"],"fullName":" DiscoveryService discoverFeatures should deduplicate features with the same selector","status":"failed","title":"should deduplicate features with the same selector","duration":1,"failureMessages":["createMockPage is not a function"],"location":{"line":40,"column":16}},{"ancestorTitles":["","DiscoveryService","discoverFeatures"],"fullName":" DiscoveryService discoverFeatures should handle discovery service errors gracefully","status":"failed","title":"should handle discovery service errors gracefully","duration":1,"failureMessages":["createMockPage is not a function"],"location":{"line":40,"column":16}},{"ancestorTitles":["","DiscoveryService","discoverFeatures"],"fullName":" DiscoveryService discoverFeatures should call all discovery methods","status":"failed","title":"should call all discovery methods","duration":2,"failureMessages":["createMockPage is not a function"],"location":{"line":40,"column":16}},{"ancestorTitles":["","DiscoveryService","discoverFeatures"],"fullName":" DiscoveryService discoverFeatures should maintain feature order from discovery services","status":"failed","title":"should maintain feature order from discovery services","duration":3,"failureMessages":["createMockPage is not a function"],"location":{"line":40,"column":16}},{"ancestorTitles":["","DiscoveryService","discoverFeatures"],"fullName":" DiscoveryService discoverFeatures should handle large numbers of discovered features","status":"failed","title":"should handle large numbers of discovered features","duration":0,"failureMessages":["createMockPage is not a function"],"location":{"line":40,"column":16}},{"ancestorTitles":["","DiscoveryService","discoverFeatures"],"fullName":" DiscoveryService discoverFeatures should preserve all feature properties during aggregation","status":"failed","title":"should preserve all feature properties during aggregation","duration":0,"failureMessages":["createMockPage is not a function"],"location":{"line":40,"column":16}},{"ancestorTitles":["","DiscoveryService","discoverDynamicFeatures"],"fullName":" DiscoveryService discoverDynamicFeatures should discover dynamic features through interactions","status":"failed","title":"should discover dynamic features through interactions","duration":1,"failureMessages":["createMockPage is not a function"],"location":{"line":40,"column":16}},{"ancestorTitles":["","DiscoveryService","discoverDynamicFeatures"],"fullName":" DiscoveryService discoverDynamicFeatures should handle navigation elements with nav in selector","status":"failed","title":"should handle navigation elements with nav in selector","duration":1,"failureMessages":["createMockPage is not a function"],"location":{"line":40,"column":16}},{"ancestorTitles":["","DiscoveryService","discoverDynamicFeatures"],"fullName":" DiscoveryService discoverDynamicFeatures should handle navigation elements with nav class","status":"failed","title":"should handle navigation elements with nav class","duration":1,"failureMessages":["createMockPage is not a function"],"location":{"line":40,"column":16}},{"ancestorTitles":["","DiscoveryService","discoverDynamicFeatures"],"fullName":" DiscoveryService discoverDynamicFeatures should limit navigation interactions to first 5 items","status":"failed","title":"should limit navigation interactions to first 5 items","duration":1,"failureMessages":["createMockPage is not a function"],"location":{"line":40,"column":16}},{"ancestorTitles":["","DiscoveryService","discoverDynamicFeatures"],"fullName":" DiscoveryService discoverDynamicFeatures should handle invisible navigation elements","status":"failed","title":"should handle invisible navigation elements","duration":11,"failureMessages":["createMockPage is not a function"],"location":{"line":40,"column":16}},{"ancestorTitles":["","DiscoveryService","discoverDynamicFeatures"],"fullName":" DiscoveryService discoverDynamicFeatures should handle errors during navigation interaction","status":"failed","title":"should handle errors during navigation interaction","duration":0,"failureMessages":["createMockPage is not a function"],"location":{"line":40,"column":16}},{"ancestorTitles":["","DiscoveryService","discoverDynamicFeatures"],"fullName":" DiscoveryService discoverDynamicFeatures should discover multiple dynamic element types","status":"failed","title":"should discover multiple dynamic element types","duration":1,"failureMessages":["createMockPage is not a function"],"location":{"line":40,"column":16}},{"ancestorTitles":["","DiscoveryService","integration with discovery services"],"fullName":" DiscoveryService integration with discovery services should create all required discovery service instances","status":"failed","title":"should create all required discovery service instances","duration":1,"failureMessages":["createMockPage is not a function"],"location":{"line":40,"column":16}},{"ancestorTitles":["","DiscoveryService","integration with discovery services"],"fullName":" DiscoveryService integration with discovery services should pass the page instance to all discovery services","status":"failed","title":"should pass the page instance to all discovery services","duration":1,"failureMessages":["createMockPage is not a function"],"location":{"line":40,"column":16}},{"ancestorTitles":["","DiscoveryService","error handling"],"fullName":" DiscoveryService error handling should handle null/undefined features from services","status":"failed","title":"should handle null/undefined features from services","duration":1,"failureMessages":["createMockPage is not a function"],"location":{"line":40,"column":16}},{"ancestorTitles":["","DiscoveryService","error handling"],"fullName":" DiscoveryService error handling should handle malformed features from services","status":"failed","title":"should handle malformed features from services","duration":1,"failureMessages":["createMockPage is not a function"],"location":{"line":40,"column":16}}],"startTime":1758953778481,"endTime":1758953778546,"status":"failed","message":"","name":"/home/phade/Data/ui-scout/tests/DiscoveryService.test.ts"},{"assertionResults":[{"ancestorTitles":["","FeatureDiscoveryCoordinator","runComplete"],"fullName":" FeatureDiscoveryCoordinator runComplete should coordinate complete discovery and testing process","status":"failed","title":"should coordinate complete discovery and testing process","duration":34,"failureMessages":["createMockPage is not a function"],"location":{"line":10,"column":16}},{"ancestorTitles":["","FeatureDiscoveryCoordinator","runComplete"],"fullName":" FeatureDiscoveryCoordinator runComplete should handle discovery errors gracefully","status":"failed","title":"should handle discovery errors gracefully","duration":2,"failureMessages":["createMockPage is not a function"],"location":{"line":10,"column":16}},{"ancestorTitles":["","FeatureDiscoveryCoordinator","runComplete"],"fullName":" FeatureDiscoveryCoordinator runComplete should handle testing errors and continue with analysis","status":"failed","title":"should handle testing errors and continue with analysis","duration":1,"failureMessages":["createMockPage is not a function"],"location":{"line":10,"column":16}},{"ancestorTitles":["","FeatureDiscoveryCoordinator","runComplete"],"fullName":" FeatureDiscoveryCoordinator runComplete should handle empty discovery results","status":"failed","title":"should handle empty discovery results","duration":1,"failureMessages":["createMockPage is not a function"],"location":{"line":10,"column":16}},{"ancestorTitles":["","FeatureDiscoveryCoordinator","runComplete"],"fullName":" FeatureDiscoveryCoordinator runComplete should skip test execution when includeTestExecution is false","status":"failed","title":"should skip test execution when includeTestExecution is false","duration":1,"failureMessages":["createMockPage is not a function"],"location":{"line":10,"column":16}},{"ancestorTitles":["","FeatureDiscoveryCoordinator","discoverFeatures"],"fullName":" FeatureDiscoveryCoordinator discoverFeatures should discover and aggregate features","status":"failed","title":"should discover and aggregate features","duration":1,"failureMessages":["createMockPage is not a function"],"location":{"line":10,"column":16}},{"ancestorTitles":["","FeatureDiscoveryCoordinator","generateTests"],"fullName":" FeatureDiscoveryCoordinator generateTests should generate test cases for features","status":"failed","title":"should generate test cases for features","duration":2,"failureMessages":["createMockPage is not a function"],"location":{"line":10,"column":16}},{"ancestorTitles":["","FeatureDiscoveryCoordinator","executeTests"],"fullName":" FeatureDiscoveryCoordinator executeTests should execute test cases","status":"failed","title":"should execute test cases","duration":1,"failureMessages":["createMockPage is not a function"],"location":{"line":10,"column":16}},{"ancestorTitles":["","FeatureDiscoveryCoordinator","analyzePage"],"fullName":" FeatureDiscoveryCoordinator analyzePage should analyze page structure and accessibility","status":"failed","title":"should analyze page structure and accessibility","duration":2,"failureMessages":["createMockPage is not a function"],"location":{"line":10,"column":16}},{"ancestorTitles":["","FeatureDiscoveryCoordinator","generateReports"],"fullName":" FeatureDiscoveryCoordinator generateReports should generate all report types","status":"failed","title":"should generate all report types","duration":1,"failureMessages":["createMockPage is not a function"],"location":{"line":10,"column":16}}],"startTime":1758953789113,"endTime":1758953789160,"status":"failed","message":"","name":"/home/phade/Data/ui-scout/tests/FeatureDiscoveryCoordinator.test.ts"},{"assertionResults":[{"ancestorTitles":["","GenericDiscoveryService","discoverAllFeatures"],"fullName":" GenericDiscoveryService discoverAllFeatures should discover all feature types and return combined results","status":"failed","title":"should discover all feature types and return combined results","duration":51,"failureMessages":["createMockLocator is not a function"],"location":{"line":33,"column":33}},{"ancestorTitles":["","GenericDiscoveryService","discoverAllFeatures"],"fullName":" GenericDiscoveryService discoverAllFeatures should handle empty results gracefully","status":"passed","title":"should handle empty results gracefully","duration":11,"failureMessages":[]},{"ancestorTitles":["","GenericDiscoveryService","discoverButtons"],"fullName":" GenericDiscoveryService discoverButtons should discover various types of button elements","status":"failed","title":"should discover various types of button elements","duration":3,"failureMessages":["createMockLocator is not a function"],"location":{"line":121,"column":27}},{"ancestorTitles":["","GenericDiscoveryService","discoverButtons"],"fullName":" GenericDiscoveryService discoverButtons should skip invisible button elements","status":"failed","title":"should skip invisible button elements","duration":2,"failureMessages":["createMockLocator is not a function"],"location":{"line":164,"column":28}},{"ancestorTitles":["","GenericDiscoveryService","discoverInputs"],"fullName":" GenericDiscoveryService discoverInputs should discover various types of input elements","status":"failed","title":"should discover various types of input elements","duration":2,"failureMessages":["createMockLocator is not a function"],"location":{"line":192,"column":25}},{"ancestorTitles":["","GenericDiscoveryService","discoverNavigation"],"fullName":" GenericDiscoveryService discoverNavigation should discover navigation elements","status":"failed","title":"should discover navigation elements","duration":2,"failureMessages":["createMockLocator is not a function"],"location":{"line":248,"column":22}},{"ancestorTitles":["","GenericDiscoveryService","discoverNavigation"],"fullName":" GenericDiscoveryService discoverNavigation should truncate long navigation text","status":"failed","title":"should truncate long navigation text","duration":2,"failureMessages":["createMockLocator is not a function"],"location":{"line":275,"column":27}},{"ancestorTitles":["","GenericDiscoveryService","error handling"],"fullName":" GenericDiscoveryService error handling should handle isVisible timeout gracefully","status":"failed","title":"should handle isVisible timeout gracefully","duration":2,"failureMessages":["createMockLocator is not a function"],"location":{"line":302,"column":30}}],"startTime":1758953786144,"endTime":1758953786221,"status":"failed","message":"","name":"/home/phade/Data/ui-scout/tests/GenericDiscoveryService.test.ts"},{"assertionResults":[{"ancestorTitles":["","InputDiscovery","discoverInputs"],"fullName":" InputDiscovery discoverInputs should discover text input fields","status":"failed","title":"should discover text input fields","duration":27,"failureMessages":["createMockPage is not a function"],"location":{"line":10,"column":16}},{"ancestorTitles":["","InputDiscovery","discoverInputs"],"fullName":" InputDiscovery discoverInputs should discover different input types","status":"failed","title":"should discover different input types","duration":1,"failureMessages":["createMockPage is not a function"],"location":{"line":10,"column":16}},{"ancestorTitles":["","InputDiscovery","discoverInputs"],"fullName":" InputDiscovery discoverInputs should discover textarea elements","status":"failed","title":"should discover textarea elements","duration":1,"failureMessages":["createMockPage is not a function"],"location":{"line":10,"column":16}},{"ancestorTitles":["","InputDiscovery","discoverInputs"],"fullName":" InputDiscovery discoverInputs should discover select dropdowns with options","status":"failed","title":"should discover select dropdowns with options","duration":1,"failureMessages":["createMockPage is not a function"],"location":{"line":10,"column":16}},{"ancestorTitles":["","InputDiscovery","discoverInputs"],"fullName":" InputDiscovery discoverInputs should find labels for inputs","status":"failed","title":"should find labels for inputs","duration":0,"failureMessages":["createMockPage is not a function"],"location":{"line":10,"column":16}},{"ancestorTitles":["","InputDiscovery","discoverInputs"],"fullName":" InputDiscovery discoverInputs should identify validation attributes","status":"failed","title":"should identify validation attributes","duration":1,"failureMessages":["createMockPage is not a function"],"location":{"line":10,"column":16}},{"ancestorTitles":["","InputDiscovery","discoverInputs"],"fullName":" InputDiscovery discoverInputs should skip hidden inputs","status":"failed","title":"should skip hidden inputs","duration":1,"failureMessages":["createMockPage is not a function"],"location":{"line":10,"column":16}},{"ancestorTitles":["","InputDiscovery","discoverInputs"],"fullName":" InputDiscovery discoverInputs should handle file input types","status":"failed","title":"should handle file input types","duration":1,"failureMessages":["createMockPage is not a function"],"location":{"line":10,"column":16}},{"ancestorTitles":["","InputDiscovery","getTestValueForInput"],"fullName":" InputDiscovery getTestValueForInput should generate test data for text input","status":"failed","title":"should generate test data for text input","duration":1,"failureMessages":["createMockPage is not a function"],"location":{"line":10,"column":16}},{"ancestorTitles":["","InputDiscovery","getTestValueForInput"],"fullName":" InputDiscovery getTestValueForInput should generate test data for email input","status":"failed","title":"should generate test data for email input","duration":1,"failureMessages":["createMockPage is not a function"],"location":{"line":10,"column":16}},{"ancestorTitles":["","InputDiscovery","getTestValueForInput"],"fullName":" InputDiscovery getTestValueForInput should generate test data for password input","status":"failed","title":"should generate test data for password input","duration":1,"failureMessages":["createMockPage is not a function"],"location":{"line":10,"column":16}},{"ancestorTitles":["","InputDiscovery","getTestValueForInput"],"fullName":" InputDiscovery getTestValueForInput should generate test data for number input","status":"failed","title":"should generate test data for number input","duration":1,"failureMessages":["createMockPage is not a function"],"location":{"line":10,"column":16}},{"ancestorTitles":["","InputDiscovery","getTestValueForInput"],"fullName":" InputDiscovery getTestValueForInput should generate test data for date input","status":"failed","title":"should generate test data for date input","duration":0,"failureMessages":["createMockPage is not a function"],"location":{"line":10,"column":16}},{"ancestorTitles":["","InputDiscovery","getTestValueForInput"],"fullName":" InputDiscovery getTestValueForInput should generate test data for time input","status":"failed","title":"should generate test data for time input","duration":1,"failureMessages":["createMockPage is not a function"],"location":{"line":10,"column":16}},{"ancestorTitles":["","InputDiscovery","getTestValueForInput"],"fullName":" InputDiscovery getTestValueForInput should generate test data for tel input","status":"failed","title":"should generate test data for tel input","duration":1,"failureMessages":["createMockPage is not a function"],"location":{"line":10,"column":16}},{"ancestorTitles":["","InputDiscovery","getTestValueForInput"],"fullName":" InputDiscovery getTestValueForInput should generate test data for url input","status":"failed","title":"should generate test data for url input","duration":1,"failureMessages":["createMockPage is not a function"],"location":{"line":10,"column":16}},{"ancestorTitles":["","InputDiscovery","getTestValueForInput"],"fullName":" InputDiscovery getTestValueForInput should generate test data for search input","status":"failed","title":"should generate test data for search input","duration":0,"failureMessages":["createMockPage is not a function"],"location":{"line":10,"column":16}},{"ancestorTitles":["","InputDiscovery","getTestValueForInput"],"fullName":" InputDiscovery getTestValueForInput should handle unknown input types","status":"failed","title":"should handle unknown input types","duration":0,"failureMessages":["createMockPage is not a function"],"location":{"line":10,"column":16}},{"ancestorTitles":["","InputDiscovery","error handling"],"fullName":" InputDiscovery error handling should handle errors gracefully","status":"failed","title":"should handle errors gracefully","duration":3,"failureMessages":["createMockPage is not a function"],"location":{"line":10,"column":16}},{"ancestorTitles":["","InputDiscovery","error handling"],"fullName":" InputDiscovery error handling should handle malformed select elements","status":"failed","title":"should handle malformed select elements","duration":0,"failureMessages":["createMockPage is not a function"],"location":{"line":10,"column":16}}],"startTime":1758953778485,"endTime":1758953778531,"status":"failed","message":"","name":"/home/phade/Data/ui-scout/tests/InputDiscovery.test.ts"},{"assertionResults":[{"ancestorTitles":["","NavigationDiscovery","discoverMenus"],"fullName":" NavigationDiscovery discoverMenus should discover navigation menus","status":"failed","title":"should discover navigation menus","duration":33,"failureMessages":["createMockPage is not a function"],"location":{"line":10,"column":16}},{"ancestorTitles":["","NavigationDiscovery","discoverMenus"],"fullName":" NavigationDiscovery discoverMenus should handle empty menu lists","status":"failed","title":"should handle empty menu lists","duration":0,"failureMessages":["createMockPage is not a function"],"location":{"line":10,"column":16}},{"ancestorTitles":["","NavigationDiscovery","discoverMenus"],"fullName":" NavigationDiscovery discoverMenus should skip hidden menus","status":"failed","title":"should skip hidden menus","duration":1,"failureMessages":["createMockPage is not a function"],"location":{"line":10,"column":16}},{"ancestorTitles":["","NavigationDiscovery","discoverMenus"],"fullName":" NavigationDiscovery discoverMenus should handle duplicate selectors","status":"failed","title":"should handle duplicate selectors","duration":1,"failureMessages":["createMockPage is not a function"],"location":{"line":10,"column":16}},{"ancestorTitles":["","NavigationDiscovery","discoverDropdowns"],"fullName":" NavigationDiscovery discoverDropdowns should discover dropdown menus","status":"failed","title":"should discover dropdown menus","duration":1,"failureMessages":["createMockPage is not a function"],"location":{"line":10,"column":16}},{"ancestorTitles":["","NavigationDiscovery","discoverDropdowns"],"fullName":" NavigationDiscovery discoverDropdowns should handle dropdowns without labels","status":"failed","title":"should handle dropdowns without labels","duration":0,"failureMessages":["createMockPage is not a function"],"location":{"line":10,"column":16}},{"ancestorTitles":["","NavigationDiscovery","discoverDropdowns"],"fullName":" NavigationDiscovery discoverDropdowns should handle empty dropdown lists","status":"failed","title":"should handle empty dropdown lists","duration":1,"failureMessages":["createMockPage is not a function"],"location":{"line":10,"column":16}},{"ancestorTitles":["","NavigationDiscovery","discoverTabs"],"fullName":" NavigationDiscovery discoverTabs should discover tab navigation","status":"failed","title":"should discover tab navigation","duration":5,"failureMessages":["createMockPage is not a function"],"location":{"line":10,"column":16}},{"ancestorTitles":["","NavigationDiscovery","discoverTabs"],"fullName":" NavigationDiscovery discoverTabs should handle empty tab lists","status":"failed","title":"should handle empty tab lists","duration":8,"failureMessages":["createMockPage is not a function"],"location":{"line":10,"column":16}},{"ancestorTitles":["","NavigationDiscovery","discoverTabs"],"fullName":" NavigationDiscovery discoverTabs should skip hidden tabs","status":"failed","title":"should skip hidden tabs","duration":1,"failureMessages":["createMockPage is not a function"],"location":{"line":10,"column":16}},{"ancestorTitles":["","NavigationDiscovery","error handling"],"fullName":" NavigationDiscovery error handling should handle menu discovery errors gracefully","status":"failed","title":"should handle menu discovery errors gracefully","duration":1,"failureMessages":["createMockPage is not a function"],"location":{"line":10,"column":16}},{"ancestorTitles":["","NavigationDiscovery","error handling"],"fullName":" NavigationDiscovery error handling should handle dropdown discovery errors gracefully","status":"failed","title":"should handle dropdown discovery errors gracefully","duration":1,"failureMessages":["createMockPage is not a function"],"location":{"line":10,"column":16}},{"ancestorTitles":["","NavigationDiscovery","error handling"],"fullName":" NavigationDiscovery error handling should handle tab discovery errors gracefully","status":"failed","title":"should handle tab discovery errors gracefully","duration":2,"failureMessages":["createMockPage is not a function"],"location":{"line":10,"column":16}},{"ancestorTitles":["","NavigationDiscovery","error handling"],"fullName":" NavigationDiscovery error handling should handle malformed menu elements","status":"failed","title":"should handle malformed menu elements","duration":0,"failureMessages":["createMockPage is not a function"],"location":{"line":10,"column":16}},{"ancestorTitles":["","NavigationDiscovery","error handling"],"fullName":" NavigationDiscovery error handling should handle malformed dropdown elements","status":"failed","title":"should handle malformed dropdown elements","duration":1,"failureMessages":["createMockPage is not a function"],"location":{"line":10,"column":16}},{"ancestorTitles":["","NavigationDiscovery","error handling"],"fullName":" NavigationDiscovery error handling should handle malformed tab elements","status":"failed","title":"should handle malformed tab elements","duration":2,"failureMessages":["createMockPage is not a function"],"location":{"line":10,"column":16}},{"ancestorTitles":["","NavigationDiscovery","menu items discovery"],"fullName":" NavigationDiscovery menu items discovery should discover menu items within menus","status":"failed","title":"should discover menu items within menus","duration":1,"failureMessages":["createMockPage is not a function"],"location":{"line":10,"column":16}},{"ancestorTitles":["","NavigationDiscovery","menu items discovery"],"fullName":" NavigationDiscovery menu items discovery should handle menu items without text content","status":"failed","title":"should handle menu items without text content","duration":1,"failureMessages":["createMockPage is not a function"],"location":{"line":10,"column":16}}],"startTime":1758953778492,"endTime":1758953778553,"status":"failed","message":"","name":"/home/phade/Data/ui-scout/tests/NavigationDiscovery.test.ts"},{"assertionResults":[{"ancestorTitles":["","ReportGenerator","generateDiscoveryReport"],"fullName":" ReportGenerator generateDiscoveryReport should execute without errors","status":"passed","title":"should execute without errors","duration":26,"failureMessages":[]},{"ancestorTitles":["","ReportGenerator","generateDiscoveryReport"],"fullName":" ReportGenerator generateDiscoveryReport should handle empty input arrays","status":"passed","title":"should handle empty input arrays","duration":25,"failureMessages":[]},{"ancestorTitles":["","ReportGenerator","generateHtmlReport"],"fullName":" ReportGenerator generateHtmlReport should execute without errors","status":"passed","title":"should execute without errors","duration":11,"failureMessages":[]},{"ancestorTitles":["","ReportGenerator","generateHtmlReport"],"fullName":" ReportGenerator generateHtmlReport should handle mixed test results","status":"passed","title":"should handle mixed test results","duration":9,"failureMessages":[]},{"ancestorTitles":["","ReportGenerator","generateHtmlReport"],"fullName":" ReportGenerator generateHtmlReport should handle empty test results","status":"passed","title":"should handle empty test results","duration":8,"failureMessages":[]},{"ancestorTitles":["","ReportGenerator","generateMarkdownSummary"],"fullName":" ReportGenerator generateMarkdownSummary should execute without errors","status":"passed","title":"should execute without errors","duration":12,"failureMessages":[]},{"ancestorTitles":["","ReportGenerator","generateMarkdownSummary"],"fullName":" ReportGenerator generateMarkdownSummary should handle features with various properties","status":"passed","title":"should handle features with various properties","duration":18,"failureMessages":[]},{"ancestorTitles":["","ReportGenerator","generateMarkdownSummary"],"fullName":" ReportGenerator generateMarkdownSummary should handle passed and failed tests","status":"passed","title":"should handle passed and failed tests","duration":14,"failureMessages":[]},{"ancestorTitles":["","ReportGenerator","feature statistics"],"fullName":" ReportGenerator feature statistics should handle various feature types and properties","status":"passed","title":"should handle various feature types and properties","duration":19,"failureMessages":[]},{"ancestorTitles":["","ReportGenerator","feature statistics"],"fullName":" ReportGenerator feature statistics should handle features with empty attributes","status":"passed","title":"should handle features with empty attributes","duration":16,"failureMessages":[]},{"ancestorTitles":["","ReportGenerator","large datasets"],"fullName":" ReportGenerator large datasets should handle many features","status":"passed","title":"should handle many features","duration":11,"failureMessages":[]},{"ancestorTitles":["","ReportGenerator","large datasets"],"fullName":" ReportGenerator large datasets should handle many test results","status":"passed","title":"should handle many test results","duration":8,"failureMessages":[]}],"startTime":1758953797546,"endTime":1758953797727,"status":"passed","message":"","name":"/home/phade/Data/ui-scout/tests/ReportGenerator.test.ts"},{"assertionResults":[{"ancestorTitles":["","SelectorUtils","getUniqueSelector"],"fullName":" SelectorUtils getUniqueSelector should prioritize data-testid attribute","status":"failed","title":"should prioritize data-testid attribute","duration":46,"failureMessages":["createMockPage is not a function"],"location":{"line":10,"column":16}},{"ancestorTitles":["","SelectorUtils","getUniqueSelector"],"fullName":" SelectorUtils getUniqueSelector should use id when data-testid is not available","status":"failed","title":"should use id when data-testid is not available","duration":1,"failureMessages":["createMockPage is not a function"],"location":{"line":10,"column":16}},{"ancestorTitles":["","SelectorUtils","getUniqueSelector"],"fullName":" SelectorUtils getUniqueSelector should generate unique class selector when possible","status":"failed","title":"should generate unique class selector when possible","duration":2,"failureMessages":["createMockPage is not a function"],"location":{"line":10,"column":16}},{"ancestorTitles":["","SelectorUtils","getUniqueSelector"],"fullName":" SelectorUtils getUniqueSelector should use role and aria-label combination","status":"failed","title":"should use role and aria-label combination","duration":7,"failureMessages":["createMockPage is not a function"],"location":{"line":10,"column":16}},{"ancestorTitles":["","SelectorUtils","getUniqueSelector"],"fullName":" SelectorUtils getUniqueSelector should use text content for buttons and links","status":"failed","title":"should use text content for buttons and links","duration":1,"failureMessages":["createMockPage is not a function"],"location":{"line":10,"column":16}},{"ancestorTitles":["","SelectorUtils","getUniqueSelector"],"fullName":" SelectorUtils getUniqueSelector should truncate long text content","status":"failed","title":"should truncate long text content","duration":1,"failureMessages":["createMockPage is not a function"],"location":{"line":10,"column":16}},{"ancestorTitles":["","SelectorUtils","getUniqueSelector"],"fullName":" SelectorUtils getUniqueSelector should fallback to element.toString() when no unique selector found","status":"failed","title":"should fallback to element.toString() when no unique selector found","duration":1,"failureMessages":["createMockPage is not a function"],"location":{"line":10,"column":16}},{"ancestorTitles":["","SelectorUtils","getUniqueSelector"],"fullName":" SelectorUtils getUniqueSelector should handle errors gracefully","status":"failed","title":"should handle errors gracefully","duration":1,"failureMessages":["createMockPage is not a function"],"location":{"line":10,"column":16}},{"ancestorTitles":["","SelectorUtils","findLabelForInput"],"fullName":" SelectorUtils findLabelForInput should find label by 'for' attribute","status":"failed","title":"should find label by 'for' attribute","duration":0,"failureMessages":["createMockPage is not a function"],"location":{"line":10,"column":16}},{"ancestorTitles":["","SelectorUtils","findLabelForInput"],"fullName":" SelectorUtils findLabelForInput should find parent label","status":"failed","title":"should find parent label","duration":1,"failureMessages":["createMockPage is not a function"],"location":{"line":10,"column":16}},{"ancestorTitles":["","SelectorUtils","findLabelForInput"],"fullName":" SelectorUtils findLabelForInput should use aria-label attribute","status":"failed","title":"should use aria-label attribute","duration":1,"failureMessages":["createMockPage is not a function"],"location":{"line":10,"column":16}},{"ancestorTitles":["","SelectorUtils","findLabelForInput"],"fullName":" SelectorUtils findLabelForInput should find preceding sibling label","status":"failed","title":"should find preceding sibling label","duration":1,"failureMessages":["createMockPage is not a function"],"location":{"line":10,"column":16}},{"ancestorTitles":["","SelectorUtils","findLabelForInput"],"fullName":" SelectorUtils findLabelForInput should return empty string when no label found","status":"failed","title":"should return empty string when no label found","duration":1,"failureMessages":["createMockPage is not a function"],"location":{"line":10,"column":16}},{"ancestorTitles":["","SelectorUtils","findLabelForInput"],"fullName":" SelectorUtils findLabelForInput should handle errors and return empty string","status":"failed","title":"should handle errors and return empty string","duration":1,"failureMessages":["createMockPage is not a function"],"location":{"line":10,"column":16}},{"ancestorTitles":["","SelectorUtils","class selector filtering"],"fullName":" SelectorUtils class selector filtering should filter out pseudo-classes from class names","status":"failed","title":"should filter out pseudo-classes from class names","duration":2,"failureMessages":["createMockPage is not a function"],"location":{"line":10,"column":16}},{"ancestorTitles":["","SelectorUtils","class selector filtering"],"fullName":" SelectorUtils class selector filtering should handle empty or null class attribute","status":"failed","title":"should handle empty or null class attribute","duration":1,"failureMessages":["createMockPage is not a function"],"location":{"line":10,"column":16}}],"startTime":1758953783734,"endTime":1758953783803,"status":"failed","message":"","name":"/home/phade/Data/ui-scout/tests/SelectorUtils.test.ts"},{"assertionResults":[{"ancestorTitles":["","TestCaseGenerator","generateTestCases"],"fullName":" TestCaseGenerator generateTestCases should generate test cases for button features","status":"passed","title":"should generate test cases for button features","duration":20,"failureMessages":[]},{"ancestorTitles":["","TestCaseGenerator","generateTestCases"],"fullName":" TestCaseGenerator generateTestCases should generate test cases for input features","status":"passed","title":"should generate test cases for input features","duration":7,"failureMessages":[]},{"ancestorTitles":["","TestCaseGenerator","generateTestCases"],"fullName":" TestCaseGenerator generateTestCases should generate test cases for navigation features","status":"passed","title":"should generate test cases for navigation features","duration":2,"failureMessages":[]},{"ancestorTitles":["","TestCaseGenerator","generateTestCases"],"fullName":" TestCaseGenerator generateTestCases should generate test cases for multiple actions","status":"passed","title":"should generate test cases for multiple actions","duration":2,"failureMessages":[]},{"ancestorTitles":["","TestCaseGenerator","generateTestCases"],"fullName":" TestCaseGenerator generateTestCases should handle features with no actions","status":"passed","title":"should handle features with no actions","duration":2,"failureMessages":[]},{"ancestorTitles":["","TestCaseGenerator","generateTestCases"],"fullName":" TestCaseGenerator generateTestCases should generate test cases for dropdown selection","status":"passed","title":"should generate test cases for dropdown selection","duration":1,"failureMessages":[]},{"ancestorTitles":["","TestCaseGenerator","generateTestCases"],"fullName":" TestCaseGenerator generateTestCases should generate test cases for checkbox actions","status":"passed","title":"should generate test cases for checkbox actions","duration":4,"failureMessages":[]},{"ancestorTitles":["","TestCaseGenerator","generateTestCases"],"fullName":" TestCaseGenerator generateTestCases should handle empty features array","status":"passed","title":"should handle empty features array","duration":1,"failureMessages":[]},{"ancestorTitles":["","TestCaseGenerator","generateTestCases"],"fullName":" TestCaseGenerator generateTestCases should generate proper assertions for all test cases","status":"passed","title":"should generate proper assertions for all test cases","duration":3,"failureMessages":[]},{"ancestorTitles":["","TestCaseGenerator","generateTestCases"],"fullName":" TestCaseGenerator generateTestCases should call getDefaultTestValue when InputDiscovery method fails","status":"passed","title":"should call getDefaultTestValue when InputDiscovery method fails","duration":1,"failureMessages":[]},{"ancestorTitles":["","TestCaseGenerator","generateTestCases"],"fullName":" TestCaseGenerator generateTestCases should handle features with complex attributes","status":"passed","title":"should handle features with complex attributes","duration":2,"failureMessages":[]},{"ancestorTitles":["","TestCaseGenerator","generateTestCases"],"fullName":" TestCaseGenerator generateTestCases should generate test cases with screenshot actions","status":"passed","title":"should generate test cases with screenshot actions","duration":1,"failureMessages":[]},{"ancestorTitles":["","TestCaseGenerator","generateTestCases"],"fullName":" TestCaseGenerator generateTestCases should filter out null test cases","status":"passed","title":"should filter out null test cases","duration":1,"failureMessages":[]}],"startTime":1758953789319,"endTime":1758953789369,"status":"passed","message":"","name":"/home/phade/Data/ui-scout/tests/TestCaseGenerator.test.ts"},{"assertionResults":[{"ancestorTitles":["","TestExecutor","executeTestCases"],"fullName":" TestExecutor executeTestCases should execute all test cases successfully","status":"failed","title":"should execute all test cases successfully","duration":40,"failureMessages":["createMockPage is not a function"],"location":{"line":11,"column":16}},{"ancestorTitles":["","TestExecutor","executeTestCases"],"fullName":" TestExecutor executeTestCases should handle test case execution failures","status":"failed","title":"should handle test case execution failures","duration":1,"failureMessages":["createMockPage is not a function"],"location":{"line":11,"column":16}},{"ancestorTitles":["","TestExecutor","executeTestCases"],"fullName":" TestExecutor executeTestCases should handle mixed success and failure results","status":"failed","title":"should handle mixed success and failure results","duration":1,"failureMessages":["createMockPage is not a function"],"location":{"line":11,"column":16}},{"ancestorTitles":["","TestExecutor","executeTestCases"],"fullName":" TestExecutor executeTestCases should handle empty test cases array","status":"failed","title":"should handle empty test cases array","duration":1,"failureMessages":["createMockPage is not a function"],"location":{"line":11,"column":16}},{"ancestorTitles":["","TestExecutor","executeTestCase"],"fullName":" TestExecutor executeTestCase should execute click action","status":"failed","title":"should execute click action","duration":1,"failureMessages":["createMockPage is not a function"],"location":{"line":11,"column":16}},{"ancestorTitles":["","TestExecutor","executeTestCase"],"fullName":" TestExecutor executeTestCase should execute fill action with value","status":"failed","title":"should execute fill action with value","duration":1,"failureMessages":["createMockPage is not a function"],"location":{"line":11,"column":16}},{"ancestorTitles":["","TestExecutor","executeTestCase"],"fullName":" TestExecutor executeTestCase should execute hover action","status":"failed","title":"should execute hover action","duration":1,"failureMessages":["createMockPage is not a function"],"location":{"line":11,"column":16}},{"ancestorTitles":["","TestExecutor","executeTestCase"],"fullName":" TestExecutor executeTestCase should execute select action","status":"failed","title":"should execute select action","duration":1,"failureMessages":["createMockPage is not a function"],"location":{"line":11,"column":16}},{"ancestorTitles":["","TestExecutor","executeTestCase"],"fullName":" TestExecutor executeTestCase should execute check action","status":"failed","title":"should execute check action","duration":1,"failureMessages":["createMockPage is not a function"],"location":{"line":11,"column":16}},{"ancestorTitles":["","TestExecutor","executeTestCase"],"fullName":" TestExecutor executeTestCase should execute uncheck action","status":"failed","title":"should execute uncheck action","duration":1,"failureMessages":["createMockPage is not a function"],"location":{"line":11,"column":16}},{"ancestorTitles":["","TestExecutor","executeTestCase"],"fullName":" TestExecutor executeTestCase should execute press action","status":"failed","title":"should execute press action","duration":2,"failureMessages":["createMockPage is not a function"],"location":{"line":11,"column":16}},{"ancestorTitles":["","TestExecutor","executeTestCase"],"fullName":" TestExecutor executeTestCase should execute screenshot action","status":"failed","title":"should execute screenshot action","duration":1,"failureMessages":["createMockPage is not a function"],"location":{"line":11,"column":16}},{"ancestorTitles":["","TestExecutor","executeTestCase"],"fullName":" TestExecutor executeTestCase should execute multiple steps in sequence","status":"failed","title":"should execute multiple steps in sequence","duration":2,"failureMessages":["createMockPage is not a function"],"location":{"line":11,"column":16}},{"ancestorTitles":["","TestExecutor","executeAssertions"],"fullName":" TestExecutor executeAssertions should execute visible assertion successfully","status":"failed","title":"should execute visible assertion successfully","duration":1,"failureMessages":["createMockPage is not a function"],"location":{"line":11,"column":16}},{"ancestorTitles":["","TestExecutor","error handling"],"fullName":" TestExecutor error handling should handle step execution errors","status":"failed","title":"should handle step execution errors","duration":1,"failureMessages":["createMockPage is not a function"],"location":{"line":11,"column":16}},{"ancestorTitles":["","TestExecutor","error handling"],"fullName":" TestExecutor error handling should handle assertion failures","status":"failed","title":"should handle assertion failures","duration":1,"failureMessages":["createMockPage is not a function"],"location":{"line":11,"column":16}},{"ancestorTitles":["","TestExecutor","error handling"],"fullName":" TestExecutor error handling should measure execution time","status":"failed","title":"should measure execution time","duration":1,"failureMessages":["createMockPage is not a function"],"location":{"line":11,"column":16}}],"startTime":1758953789158,"endTime":1758953789221,"status":"failed","message":"","name":"/home/phade/Data/ui-scout/tests/TestExecutor.test.ts"},{"assertionResults":[{"ancestorTitles":["","TestingService","generateTestCases"],"fullName":" TestingService generateTestCases should generate test cases from discovered features","status":"failed","title":"should generate test cases from discovered features","duration":31,"failureMessages":["createMockPage is not a function"],"location":{"line":12,"column":16}},{"ancestorTitles":["","TestingService","generateTestCases"],"fullName":" TestingService generateTestCases should handle empty feature list","status":"failed","title":"should handle empty feature list","duration":1,"failureMessages":["createMockPage is not a function"],"location":{"line":12,"column":16}},{"ancestorTitles":["","TestingService","executeTestCases"],"fullName":" TestingService executeTestCases should execute test cases and return results","status":"failed","title":"should execute test cases and return results","duration":1,"failureMessages":["createMockPage is not a function"],"location":{"line":12,"column":16}},{"ancestorTitles":["","TestingService","executeTestCases"],"fullName":" TestingService executeTestCases should handle empty test case list","status":"failed","title":"should handle empty test case list","duration":1,"failureMessages":["createMockPage is not a function"],"location":{"line":12,"column":16}},{"ancestorTitles":["","TestingService","generateAndExecuteTests"],"fullName":" TestingService generateAndExecuteTests should generate and execute tests in sequence","status":"failed","title":"should generate and execute tests in sequence","duration":1,"failureMessages":["createMockPage is not a function"],"location":{"line":12,"column":16}},{"ancestorTitles":["","TestingService","generateAndExecuteTests"],"fullName":" TestingService generateAndExecuteTests should handle test generation failures","status":"failed","title":"should handle test generation failures","duration":1,"failureMessages":["createMockPage is not a function"],"location":{"line":12,"column":16}},{"ancestorTitles":["","TestingService","generateAndExecuteTests"],"fullName":" TestingService generateAndExecuteTests should handle test execution failures","status":"failed","title":"should handle test execution failures","duration":1,"failureMessages":["createMockPage is not a function"],"location":{"line":12,"column":16}},{"ancestorTitles":["","TestingService","generateAndExecuteTests"],"fullName":" TestingService generateAndExecuteTests should handle empty features gracefully","status":"failed","title":"should handle empty features gracefully","duration":1,"failureMessages":["createMockPage is not a function"],"location":{"line":12,"column":16}},{"ancestorTitles":["","TestingService","service initialization"],"fullName":" TestingService service initialization should create TestCaseGenerator and TestExecutor instances","status":"failed","title":"should create TestCaseGenerator and TestExecutor instances","duration":1,"failureMessages":["createMockPage is not a function"],"location":{"line":12,"column":16}},{"ancestorTitles":["","TestingService","service initialization"],"fullName":" TestingService service initialization should accept custom screenshot path","status":"failed","title":"should accept custom screenshot path","duration":1,"failureMessages":["createMockPage is not a function"],"location":{"line":12,"column":16}},{"ancestorTitles":["","TestingService","logging"],"fullName":" TestingService logging should log test case generation progress","status":"failed","title":"should log test case generation progress","duration":3,"failureMessages":["createMockPage is not a function","Cannot read properties of undefined (reading 'mockRestore')"],"location":{"line":12,"column":16}},{"ancestorTitles":["","TestingService","logging"],"fullName":" TestingService logging should log test execution progress","status":"failed","title":"should log test execution progress","duration":3,"failureMessages":["createMockPage is not a function","Cannot read properties of undefined (reading 'mockRestore')"],"location":{"line":12,"column":16}}],"startTime":1758953806745,"endTime":1758953806793,"status":"failed","message":"","name":"/home/phade/Data/ui-scout/tests/TestingService.test.ts"},{"assertionResults":[{"ancestorTitles":["","UnitTestGenerator","constructor"],"fullName":" UnitTestGenerator constructor should initialize with provided options","status":"passed","title":"should initialize with provided options","duration":40,"failureMessages":[]},{"ancestorTitles":["","UnitTestGenerator","constructor"],"fullName":" UnitTestGenerator constructor should use default options when not provided","status":"passed","title":"should use default options when not provided","duration":27,"failureMessages":[]},{"ancestorTitles":["","UnitTestGenerator","generateTests"],"fullName":" UnitTestGenerator generateTests should generate tests for source files","status":"passed","title":"should generate tests for source files","duration":49,"failureMessages":[]},{"ancestorTitles":["","UnitTestGenerator","generateTests"],"fullName":" UnitTestGenerator generateTests should handle empty source files","status":"passed","title":"should handle empty source files","duration":49,"failureMessages":[]},{"ancestorTitles":["","UnitTestGenerator","findSourceFiles"],"fullName":" UnitTestGenerator findSourceFiles should find source files matching include patterns","status":"passed","title":"should find source files matching include patterns","duration":32,"failureMessages":[]},{"ancestorTitles":["","UnitTestGenerator","findSourceFiles"],"fullName":" UnitTestGenerator findSourceFiles should exclude files matching exclude patterns","status":"passed","title":"should exclude files matching exclude patterns","duration":49,"failureMessages":[]},{"ancestorTitles":["","UnitTestGenerator","generateTestsForFile"],"fullName":" UnitTestGenerator generateTestsForFile should generate unit tests for functions","status":"passed","title":"should generate unit tests for functions","duration":16,"failureMessages":[]},{"ancestorTitles":["","UnitTestGenerator","generateTestsForFile"],"fullName":" UnitTestGenerator generateTestsForFile should generate tests for components","status":"passed","title":"should generate tests for components","duration":15,"failureMessages":[]},{"ancestorTitles":["","UnitTestGenerator","generateTestsForFile"],"fullName":" UnitTestGenerator generateTestsForFile should determine test type based on file path","status":"passed","title":"should determine test type based on file path","duration":18,"failureMessages":[]},{"ancestorTitles":["","UnitTestGenerator","writeTests"],"fullName":" UnitTestGenerator writeTests should write generated tests to files","status":"passed","title":"should write generated tests to files","duration":14,"failureMessages":[]},{"ancestorTitles":["","UnitTestGenerator","createTypeScriptProgram"],"fullName":" UnitTestGenerator createTypeScriptProgram should create TypeScript program with source files","status":"passed","title":"should create TypeScript program with source files","duration":14,"failureMessages":[]},{"ancestorTitles":["","UnitTestGenerator","integration test"],"fullName":" UnitTestGenerator integration test should perform complete test generation workflow","status":"passed","title":"should perform complete test generation workflow","duration":19,"failureMessages":[]}],"startTime":1758953799827,"endTime":1758953800177,"status":"passed","message":"","name":"/home/phade/Data/ui-scout/tests/UnitTestGenerator.test.ts"},{"assertionResults":[{"ancestorTitles":["","Example Test Suite"],"fullName":" Example Test Suite should pass basic assertion","status":"passed","title":"should pass basic assertion","duration":4,"failureMessages":[]},{"ancestorTitles":["","Example Test Suite"],"fullName":" Example Test Suite should handle arrays","status":"passed","title":"should handle arrays","duration":7,"failureMessages":[]},{"ancestorTitles":["","Example Test Suite"],"fullName":" Example Test Suite should handle objects","status":"passed","title":"should handle objects","duration":3,"failureMessages":[]}],"startTime":1758953829859,"endTime":1758953829873,"status":"passed","message":"","name":"/home/phade/Data/ui-scout/tests/example.test.ts"},{"assertionResults":[],"startTime":1758953774922,"endTime":1758953774922,"status":"failed","message":"Failed to load url bun:test (resolved id: bun:test) in /home/phade/Data/ui-scout/tests/full-coverage.test.ts. Does the file exist?","name":"/home/phade/Data/ui-scout/tests/full-coverage.test.ts"},{"assertionResults":[{"ancestorTitles":["","Simple Test Suite"],"fullName":" Simple Test Suite should pass basic arithmetic test","status":"passed","title":"should pass basic arithmetic test","duration":6,"failureMessages":[]},{"ancestorTitles":["","Simple Test Suite"],"fullName":" Simple Test Suite should pass string test","status":"passed","title":"should pass string test","duration":1,"failureMessages":[]},{"ancestorTitles":["","Simple Test Suite"],"fullName":" Simple Test Suite should pass array test","status":"passed","title":"should pass array test","duration":5,"failureMessages":[]},{"ancestorTitles":["","Simple Test Suite"],"fullName":" Simple Test Suite should pass object test","status":"passed","title":"should pass object test","duration":0,"failureMessages":[]},{"ancestorTitles":["","Simple Test Suite"],"fullName":" Simple Test Suite should pass async test","status":"passed","title":"should pass async test","duration":2,"failureMessages":[]}],"startTime":1758953829285,"endTime":1758953829299,"status":"passed","message":"","name":"/home/phade/Data/ui-scout/tests/simple.test.ts"},{"assertionResults":[{"ancestorTitles":["","Types and Interfaces","DiscoveredFeature"],"fullName":" Types and Interfaces DiscoveredFeature should have all required properties","status":"passed","title":"should have all required properties","duration":4,"failureMessages":[]},{"ancestorTitles":["","Types and Interfaces","DiscoveredFeature"],"fullName":" Types and Interfaces DiscoveredFeature should support all valid types","status":"passed","title":"should support all valid types","duration":4,"failureMessages":[]},{"ancestorTitles":["","Types and Interfaces","DiscoveredFeature"],"fullName":" Types and Interfaces DiscoveredFeature should support optional properties","status":"passed","title":"should support optional properties","duration":8,"failureMessages":[]},{"ancestorTitles":["","Types and Interfaces","DiscoveredFeature"],"fullName":" Types and Interfaces DiscoveredFeature should allow nested children","status":"passed","title":"should allow nested children","duration":1,"failureMessages":[]},{"ancestorTitles":["","Types and Interfaces","TestStep"],"fullName":" Types and Interfaces TestStep should support all action types","status":"passed","title":"should support all action types","duration":2,"failureMessages":[]},{"ancestorTitles":["","Types and Interfaces","TestStep"],"fullName":" Types and Interfaces TestStep should support optional value property","status":"passed","title":"should support optional value property","duration":1,"failureMessages":[]},{"ancestorTitles":["","Types and Interfaces","Assertion"],"fullName":" Types and Interfaces Assertion should support all assertion types","status":"passed","title":"should support all assertion types","duration":1,"failureMessages":[]},{"ancestorTitles":["","Types and Interfaces","Assertion"],"fullName":" Types and Interfaces Assertion should support expected value for complex assertions","status":"passed","title":"should support expected value for complex assertions","duration":3,"failureMessages":[]},{"ancestorTitles":["","Types and Interfaces","TestCase"],"fullName":" Types and Interfaces TestCase should combine feature, steps, and assertions","status":"passed","title":"should combine feature, steps, and assertions","duration":2,"failureMessages":[]},{"ancestorTitles":["","Types and Interfaces","DiscoveryReport"],"fullName":" Types and Interfaces DiscoveryReport should contain all required report data","status":"passed","title":"should contain all required report data","duration":1,"failureMessages":[]},{"ancestorTitles":["","Types and Interfaces","DiscoveryReport"],"fullName":" Types and Interfaces DiscoveryReport should validate statistics consi
[...]
e","status":"passed","title":"should create an instance","duration":6,"failureMessages":[]},{"ancestorTitles":["","FeatureDiscoveryOrchestrator","Constructor"],"fullName":" FeatureDiscoveryOrchestrator Constructor should initialize with default values","status":"passed","title":"should initialize with default values","duration":3,"failureMessages":[]},{"ancestorTitles":["","FeatureDiscoveryOrchestrator","Methods"],"fullName":" FeatureDiscoveryOrchestrator Methods should execute methods without errors","status":"passed","title":"should execute methods without errors","duration":2,"failureMessages":[]},{"ancestorTitles":["","FeatureDiscoveryOrchestrator","Methods"],"fullName":" FeatureDiscoveryOrchestrator Methods should handle method parameters","status":"passed","title":"should handle method parameters","duration":2,"failureMessages":[]},{"ancestorTitles":["","FeatureDiscoveryOrchestrator","Methods"],"fullName":" FeatureDiscoveryOrchestrator Methods should return expected values","status":"passed","title":"should return expected values","duration":1,"failureMessages":[]}],"startTime":1758953810915,"endTime":1758953810930,"status":"passed","message":"","name":"/home/phade/Data/ui-scout/tests/generated/FeatureDiscoveryOrchestrator.test.ts"},{"assertionResults":[{"ancestorTitles":["","GenericDiscoveryService","Constructor"],"fullName":" GenericDiscoveryService Constructor should create an instance","status":"passed","title":"should create an instance","duration":4,"failureMessages":[]},{"ancestorTitles":["","GenericDiscoveryService","Constructor"],"fullName":" GenericDiscoveryService Constructor should initialize with default values","status":"passed","title":"should initialize with default values","duration":1,"failureMessages":[]},{"ancestorTitles":["","GenericDiscoveryService","Methods"],"fullName":" GenericDiscoveryService Methods should execute methods without errors","status":"passed","title":"should execute methods without errors","duration":0,"failureMessages":[]},{"ancestorTitles":["","GenericDiscoveryService","Methods"],"fullName":" GenericDiscoveryService Methods should handle method parameters","status":"passed","title":"should handle method parameters","duration":1,"failureMessages":[]},{"ancestorTitles":["","GenericDiscoveryService","Methods"],"fullName":" GenericDiscoveryService Methods should return expected values","status":"passed","title":"should return expected values","duration":0,"failureMessages":[]}],"startTime":1758953804248,"endTime":1758953804256,"status":"passed","message":"","name":"/home/phade/Data/ui-scout/tests/generated/GenericDiscoveryService.test.ts"},{"assertionResults":[{"ancestorTitles":["","InputDiscovery","Constructor"],"fullName":" InputDiscovery Constructor should create an instance","status":"passed","title":"should create an instance","duration":6,"failureMessages":[]},{"ancestorTitles":["","InputDiscovery","Constructor"],"fullName":" InputDiscovery Constructor should initialize with default values","status":"passed","title":"should initialize with default values","duration":1,"failureMessages":[]},{"ancestorTitles":["","InputDiscovery","Methods"],"fullName":" InputDiscovery Methods should execute methods without errors","status":"passed","title":"should execute methods without errors","duration":1,"failureMessages":[]},{"ancestorTitles":["","InputDiscovery","Methods"],"fullName":" InputDiscovery Methods should handle method parameters","status":"passed","title":"should handle method parameters","duration":0,"failureMessages":[]},{"ancestorTitles":["","InputDiscovery","Methods"],"fullName":" InputDiscovery Methods should return expected values","status":"passed","title":"should return expected values","duration":0,"failureMessages":[]}],"startTime":1758953823325,"endTime":1758953823334,"status":"passed","message":"","name":"/home/phade/Data/ui-scout/tests/generated/InputDiscovery.test.ts"},{"assertionResults":[{"ancestorTitles":["","NavigationDiscovery","Constructor"],"fullName":" NavigationDiscovery Constructor should create an instance","status":"passed","title":"should create an instance","duration":6,"failureMessages":[]},{"ancestorTitles":["","NavigationDiscovery","Constructor"],"fullName":" NavigationDiscovery Constructor should initialize with default values","status":"passed","title":"should initialize with default values","duration":2,"failureMessages":[]},{"ancestorTitles":["","NavigationDiscovery","Methods"],"fullName":" NavigationDiscovery Methods should execute methods without errors","status":"passed","title":"should execute methods without errors","duration":1,"failureMessages":[]},{"ancestorTitles":["","NavigationDiscovery","Methods"],"fullName":" NavigationDiscovery Methods should handle method parameters","status":"passed","title":"should handle method parameters","duration":1,"failureMessages":[]},{"ancestorTitles":["","NavigationDiscovery","Methods"],"fullName":" NavigationDiscovery Methods should return expected values","status":"passed","title":"should return expected values","duration":0,"failureMessages":[]}],"startTime":1758953807800,"endTime":1758953807812,"status":"passed","message":"","name":"/home/phade/Data/ui-scout/tests/generated/NavigationDiscovery.test.ts"},{"assertionResults":[{"ancestorTitles":["","PlaywrightPageDriver","Constructor"],"fullName":" PlaywrightPageDriver Constructor should create an instance","status":"passed","title":"should create an instance","duration":5,"failureMessages":[]},{"ancestorTitles":["","PlaywrightPageDriver","Constructor"],"fullName":" PlaywrightPageDriver Constructor should initialize with default values","status":"passed","title":"should initialize with default values","duration":2,"failureMessages":[]},{"ancestorTitles":["","PlaywrightPageDriver","Methods"],"fullName":" PlaywrightPageDriver Methods should execute methods without errors","status":"passed","title":"should execute methods without errors","duration":0,"failureMessages":[]},{"ancestorTitles":["","PlaywrightPageDriver","Methods"],"fullName":" PlaywrightPageDriver Methods should handle method parameters","status":"passed","title":"should handle method parameters","duration":0,"failureMessages":[]},{"ancestorTitles":["","PlaywrightPageDriver","Methods"],"fullName":" PlaywrightPageDriver Methods should return expected values","status":"passed","title":"should return expected values","duration":1,"failureMessages":[]},{"ancestorTitles":["","PlaywrightElementHandle","Constructor"],"fullName":" PlaywrightElementHandle Constructor should create an instance","status":"failed","title":"should create an instance","duration":41,"failureMessages":["PlaywrightElementHandle is not a constructor"],"location":{"line":46,"column":16}},{"ancestorTitles":["","PlaywrightElementHandle","Constructor"],"fullName":" PlaywrightElementHandle Constructor should initialize with default values","status":"failed","title":"should initialize with default values","duration":3,"failureMessages":["PlaywrightElementHandle is not a constructor"],"location":{"line":46,"column":16}},{"ancestorTitles":["","PlaywrightElementHandle","Methods"],"fullName":" PlaywrightElementHandle Methods should execute methods without errors","status":"failed","title":"should execute methods without errors","duration":3,"failureMessages":["PlaywrightElementHandle is not a constructor"],"location":{"line":46,"column":16}},{"ancestorTitles":["","PlaywrightElementHandle","Methods"],"fullName":" PlaywrightElementHandle Methods should handle method parameters","status":"failed","title":"should handle method parameters","duration":4,"failureMessages":["PlaywrightElementHandle is not a constructor"],"location":{"line":46,"column":16}},{"ancestorTitles":["","PlaywrightElementHandle","Methods"],"fullName":" PlaywrightElementHandle Methods should return expected values","status":"failed","title":"should return expected values","duration":4,"failureMessages":["PlaywrightElementHandle is not a constructor"],"location":{"line":46,"column":16}}],"startTime":1758953798484,"endTime":1758953798550,"status":"failed","message":"","name":"/home/phade/Data/ui-scout/tests/generated/PlaywrightAdapter.test.ts"},{"assertionResults":[{"ancestorTitles":["","PuppeteerPageDriver","Constructor"],"fullName":" PuppeteerPageDriver Constructor should create an instance","status":"passed","title":"should create an instance","duration":5,"failureMessages":[]},{"ancestorTitles":["","PuppeteerPageDriver","Constructor"],"fullName":" PuppeteerPageDriver Constructor should initialize with default values","status":"passed","title":"should initialize with default values","duration":2,"failureMessages":[]},{"ancestorTitles":["","PuppeteerPageDriver","Methods"],"fullName":" PuppeteerPageDriver Methods should execute methods without errors","status":"passed","title":"should execute methods without errors","duration":9,"failureMessages":[]},{"ancestorTitles":["","PuppeteerPageDriver","Methods"],"fullName":" PuppeteerPageDriver Methods should handle method parameters","status":"passed","title":"should handle method parameters","duration":3,"failureMessages":[]},{"ancestorTitles":["","PuppeteerPageDriver","Methods"],"fullName":" PuppeteerPageDriver Methods should return expected values","status":"passed","title":"should return expected values","duration":2,"failureMessages":[]},{"ancestorTitles":["","PuppeteerElementAdapter","Constructor"],"fullName":" PuppeteerElementAdapter Constructor should create an instance","status":"failed","title":"should create an instance","duration":61,"failureMessages":["PuppeteerElementAdapter is not a constructor"],"location":{"line":46,"column":16}},{"ancestorTitles":["","PuppeteerElementAdapter","Constructor"],"fullName":" PuppeteerElementAdapter Constructor should initialize with default values","status":"failed","title":"should initialize with default values","duration":5,"failureMessages":["PuppeteerElementAdapter is not a constructor"],"location":{"line":46,"column":16}},{"ancestorTitles":["","PuppeteerElementAdapter","Methods"],"fullName":" PuppeteerElementAdapter Methods should execute methods without errors","status":"failed","title":"should execute methods without errors","duration":5,"failureMessages":["PuppeteerElementAdapter is not a constructor"],"location":{"line":46,"column":16}},{"ancestorTitles":["","PuppeteerElementAdapter","Methods"],"fullName":" PuppeteerElementAdapter Methods should handle method parameters","status":"failed","title":"should handle method parameters","duration":4,"failureMessages":["PuppeteerElementAdapter is not a constructor"],"location":{"line":46,"column":16}},{"ancestorTitles":["","PuppeteerElementAdapter","Methods"],"fullName":" PuppeteerElementAdapter Methods should return expected values","status":"failed","title":"should return expected values","duration":3,"failureMessages":["PuppeteerElementAdapter is not a constructor"],"location":{"line":46,"column":16}}],"startTime":1758953798507,"endTime":1758953798611,"status":"failed","message":"","name":"/home/phade/Data/ui-scout/tests/generated/PuppeteerAdapter.test.ts"},{"assertionResults":[{"ancestorTitles":["","ReportGenerator","Constructor"],"fullName":" ReportGenerator Constructor should create an instance","status":"passed","title":"should create an instance","duration":3,"failureMessages":[]},{"ancestorTitles":["","ReportGenerator","Constructor"],"fullName":" ReportGenerator Constructor should initialize with default values","status":"passed","title":"should initialize with default values","duration":4,"failureMessages":[]},{"ancestorTitles":["","ReportGenerator","Methods"],"fullName":" ReportGenerator Methods should execute methods without errors","status":"passed","title":"should execute methods without errors","duration":0,"failureMessages":[]},{"ancestorTitles":["","ReportGenerator","Methods"],"fullName":" ReportGenerator Methods should handle method parameters","status":"passed","title":"should handle method parameters","duration":0,"failureMessages":[]},{"ancestorTitles":["","ReportGenerator","Methods"],"fullName":" ReportGenerator Methods should return expected values","status":"passed","title":"should return expected values","duration":0,"failureMessages":[]}],"startTime":1758953822578,"endTime":1758953822586,"status":"passed","message":"","name":"/home/phade/Data/ui-scout/tests/generated/ReportGenerator.test.ts"},{"assertionResults":[{"ancestorTitles":["","SelectorUtils","Constructor"],"fullName":" SelectorUtils Constructor should create an instance","status":"passed","title":"should create an instance","duration":10,"failureMessages":[]},{"ancestorTitles":["","SelectorUtils","Constructor"],"fullName":" SelectorUtils Constructor should initialize with default values","status":"passed","title":"should initialize with default values","duration":2,"failureMessages":[]},{"ancestorTitles":["","SelectorUtils","Methods"],"fullName":" SelectorUtils Methods should execute methods without errors","status":"passed","title":"should execute methods without errors","duration":1,"failureMessages":[]},{"ancestorTitles":["","SelectorUtils","Methods"],"fullName":" SelectorUtils Methods should handle method parameters","status":"passed","title":"should handle method parameters","duration":0,"failureMessages":[]},{"ancestorTitles":["","SelectorUtils","Methods"],"fullName":" SelectorUtils Methods should return expected values","status":"passed","title":"should return expected values","duration":1,"failureMessages":[]}],"startTime":1758953825534,"endTime":1758953825551,"status":"passed","message":"","name":"/home/phade/Data/ui-scout/tests/generated/SelectorUtils.test.ts"},{"assertionResults":[{"ancestorTitles":["","TestCaseGenerator","Constructor"],"fullName":" TestCaseGenerator Constructor should create an instance","status":"passed","title":"should create an instance","duration":6,"failureMessages":[]},{"ancestorTitles":["","TestCaseGenerator","Constructor"],"fullName":" TestCaseGenerator Constructor should initialize with default values","status":"passed","title":"should initialize with default values","duration":1,"failureMessages":[]},{"ancestorTitles":["","TestCaseGenerator","Methods"],"fullName":" TestCaseGenerator Methods should execute methods without errors","status":"passed","title":"should execute methods without errors","duration":1,"failureMessages":[]},{"ancestorTitles":["","TestCaseGenerator","Methods"],"fullName":" TestCaseGenerator Methods should handle method parameters","status":"passed","title":"should handle method parameters","duration":0,"failureMessages":[]},{"ancestorTitles":["","TestCaseGenerator","Methods"],"fullName":" TestCaseGenerator Methods should return expected values","status":"passed","title":"should return expected values","duration":1,"failureMessages":[]}],"startTime":1758953815688,"endTime":1758953815700,"status":"passed","message":"","name":"/home/phade/Data/ui-scout/tests/generated/TestCaseGenerator.test.ts"},{"assertionResults":[{"ancestorTitles":["","TestExecutor","Constructor"],"fullName":" TestExecutor Constructor should create an instance","status":"passed","title":"should create an instance","duration":4,"failureMessages":[]},{"ancestorTitles":["","TestExecutor","Constructor"],"fullName":" TestExecutor Constructor should initialize with default values","status":"passed","title":"should initialize with default values","duration":2,"failureMessages":[]},{"ancestorTitles":["","TestExecutor","Methods"],"fullName":" TestExecutor Methods should execute methods without errors","status":"passed","title":"should execute methods without errors","duration":2,"failureMessages":[]},{"ancestorTitles":["","TestExecutor","Methods"],"fullName":" TestExecutor Methods should handle method parameters","status":"passed","title":"should handle method parameters","duration":1,"failureMessages":[]},{"ancestorTitles":["","TestExecutor","Methods"],"fullName":" TestExecutor Methods should return expected values","status":"passed","title":"should return expected values","duration":1,"failureMessages":[]}],"startTime":1758953835191,"endTime":1758953835201,"status":"passed","message":"","name":"/home/phade/Data/ui-scout/tests/generated/TestExecutor.test.ts"},{"assertionResults":[{"ancestorTitles":["","TestingService","Constructor"],"fullName":" TestingService Constructor should create an instance","status":"passed","title":"should create an instance","duration":4,"failureMessages":[]},{"ancestorTitles":["","TestingService","Constructor"],"fullName":" TestingService Constructor should initialize with default values","status":"passed","title":"should initialize with default values","duration":2,"failureMessages":[]},{"ancestorTitles":["","TestingService","Methods"],"fullName":" TestingService Methods should execute methods without errors","status":"passed","title":"should execute methods without errors","duration":2,"failureMessages":[]},{"ancestorTitles":["","TestingService","Methods"],"fullName":" TestingService Methods should handle method parameters","status":"passed","title":"should handle method parameters","duration":3,"failureMessages":[]},{"ancestorTitles":["","TestingService","Methods"],"fullName":" TestingService Methods should return expected values","status":"passed","title":"should return expected values","duration":3,"failureMessages":[]}],"startTime":1758953833396,"endTime":1758953833412,"status":"passed","message":"","name":"/home/phade/Data/ui-scout/tests/generated/TestingService.test.ts"},{"assertionResults":[{"ancestorTitles":["","UnifiedTestGenerator","Constructor"],"fullName":" UnifiedTestGenerator Constructor should create an instance","status":"passed","title":"should create an instance","duration":4,"failureMessages":[]},{"ancestorTitles":["","UnifiedTestGenerator","Constructor"],"fullName":" UnifiedTestGenerator Constructor should initialize with default values","status":"passed","title":"should initialize with default values","duration":1,"failureMessages":[]},{"ancestorTitles":["","UnifiedTestGenerator","Methods"],"fullName":" UnifiedTestGenerator Methods should execute methods without errors","status":"passed","title":"should execute methods without errors","duration":0,"failureMessages":[]},{"ancestorTitles":["","UnifiedTestGenerator","Methods"],"fullName":" UnifiedTestGenerator Methods should handle method parameters","status":"passed","title":"should handle method parameters","duration":0,"failureMessages":[]},{"ancestorTitles":["","UnifiedTestGenerator","Methods"],"fullName":" UnifiedTestGenerator Methods should return expected values","status":"passed","title":"should return expected values","duration":0,"failureMessages":[]}],"startTime":1758953820791,"endTime":1758953820798,"status":"passed","message":"","name":"/home/phade/Data/ui-scout/tests/generated/UnifiedTestGenerator.test.ts"},{"assertionResults":[],"startTime":1758953774922,"endTime":1758953774922,"status":"failed","message":"Cannot find module 'whatwg-url/webidl2js-wrapper'\nRequire stack:\n- /home/phade/Data/ui-scout/node_modules/jsdom/lib/jsdom/living/interfaces.js\n- /home/phade/Data/ui-scout/node_modules/jsdom/lib/jsdom/browser/Window.js\n- /home/phade/Data/ui-scout/node_modules/jsdom/lib/api.js","name":"/home/phade/Data/ui-scout/tests/generated/dom-test-utils.test.ts"},{"assertionResults":[{"ancestorTitles":["","createDiscoverySystem"],"fullName":" createDiscoverySystem should be defined","status":"passed","title":"should be defined","duration":3,"failureMessages":[]},{"ancestorTitles":["","createDiscoverySystem"],"fullName":" createDiscoverySystem should handle different input types","status":"passed","title":"should handle different input types","duration":2,"failureMessages":[]},{"ancestorTitles":["","createDiscoverySystem"],"fullName":" createDiscoverySystem should be pure function","status":"passed","title":"should be pure function","duration":1,"failureMessages":[]}],"startTime":1758953837903,"endTime":1758953837909,"status":"passed","message":"","name":"/home/phade/Data/ui-scout/tests/generated/index.test.ts"}]}